<?xml version="1.0" encoding="UTF-8"?>
<!-- Generated by org.testng.reporters.JUnitReportReporter -->
<testsuite skipped="3" hostname="DESKTOP-UTQBCI7" name="appium.mobileframework.Demo1" tests="4" failures="0" timestamp="2022-01-03T13:27:28 IST" time="130.565" errors="0">
  <testcase name="TC4" time="130.565" classname="appium.mobileframework.Demo1"/>
  <system-out/>
  <testcase name="TC2" classname="appium.mobileframework.Demo1">
    <skipped/>
  </testcase> <!-- TC2 -->
  <system-out/>
  <testcase name="TC3" classname="appium.mobileframework.Demo1">
    <skipped/>
  </testcase> <!-- TC3 -->
  <system-out/>
  <testcase name="TC1" classname="appium.mobileframework.Demo1">
    <skipped/>
  </testcase> <!-- TC1 -->
  <system-out/>
</testsuite> <!-- appium.mobileframework.Demo1 -->
